ProyectoBluetooh/app/build/intermediates/manifest_merge_blame_file/debug/manifest-merger-blame-debug-report.txt
1<?xml version="1.0" encoding="utf-8"?>
2<manifest xmlns:android="http://schemas.android.com/apk/res/android"
3    package="com.example.proyectobluetooh"
4    android:versionCode="1"
5    android:versionName="1.0" >
6
7    <uses-sdk
8        android:minSdkVersion="21"
8-->src\main\AndroidManifest.xml
9        android:targetSdkVersion="31" />
9-->src\main\AndroidManifest.xml
10
11    <uses-permission android:name="android.permission.BLUETOOTH" />
11-->src\main\AndroidManifest.xml:5:5-68
11-->src\main\AndroidManifest.xml:5:22-65
12    <uses-permission android:name="android.permission.BLUETOOTH_CONNECT" />
12-->src\main\AndroidManifest.xml:6:5-76
12-->src\main\AndroidManifest.xml:6:22-73
13    <uses-permission android:name="android.permission.BLUETOOTH_ADMIN" />
13-->src\main\AndroidManifest.xml:7:5-74
13-->src\main\AndroidManifest.xml:7:22-71
14
15    <application
15-->src\main\AndroidManifest.xml:9:5-37:19
16        android:allowBackup="true"
16-->src\main\AndroidManifest.xml:10:9-35
17        android:appComponentFactory="androidx.core.app.CoreComponentFactory"
17-->[androidx.core:core:1.5.0] AndroidManifest.xml:24:18-86
18        android:debuggable="true"
19        android:icon="@mipmap/ic_launcher_foreground"
19-->src\main\AndroidManifest.xml:11:9-54
20        android:label="@string/app_name"
20-->src\main\AndroidManifest.xml:12:9-41
21        android:roundIcon="@mipmap/ic_launcher_foreground"
21-->src\main\AndroidManifest.xml:13:9-59
22        android:supportsRtl="true"
22-->src\main\AndroidManifest.xml:14:9-35
23        android:testOnly="true"
24        android:theme="@style/AppTheme" >
24-->src\main\AndroidManifest.xml:15:9-40
25        <activity
25-->src\main\AndroidManifest.xml:16:9-18:40
26            android:name="com.example.proyectobluetooh.ApagadoEncendido"
26-->src\main\AndroidManifest.xml:17:13-45
27            android:exported="false" />
27-->src\main\AndroidManifest.xml:18:13-37
28        <activity
28-->src\main\AndroidManifest.xml:19:9-21:40
29            android:name="com.example.proyectobluetooh.Actividades"
29-->src\main\AndroidManifest.xml:20:13-40
30            android:exported="false" />
30-->src\main\AndroidManifest.xml:21:13-37
31        <activity
31-->src\main\AndroidManifest.xml:22:9-30:20
32            android:name="com.example.proyectobluetooh.SplashActivity"
32-->src\main\AndroidManifest.xml:23:13-43
33            android:exported="true" >
33-->src\main\AndroidManifest.xml:24:13-36
34            <intent-filter>
34-->src\main\AndroidManifest.xml:25:13-29:29
35                <action android:name="android.intent.action.MAIN" />
35-->src\main\AndroidManifest.xml:26:17-69
35-->src\main\AndroidManifest.xml:26:25-66
36
37                <category android:name="android.intent.category.LAUNCHER" />
37-->src\main\AndroidManifest.xml:28:17-77
37-->src\main\AndroidManifest.xml:28:27-74
38            </intent-filter>
39        </activity>
40        <activity
40-->src\main\AndroidManifest.xml:31:9-33:40
41            android:name="com.example.proyectobluetooh.DispositivosVinculados"
41-->src\main\AndroidManifest.xml:32:13-51
42            android:exported="false" />
42-->src\main\AndroidManifest.xml:33:13-37
43        <activity
43-->src\main\AndroidManifest.xml:34:9-36:40
44            android:name="com.example.proyectobluetooh.MainActivity"
44-->src\main\AndroidManifest.xml:35:13-41
45            android:exported="false" />
45-->src\main\AndroidManifest.xml:36:13-37
46    </application>
47
48</manifest>